<?xml version="1.0" encoding="UTF-8"?>
<!-- Generated by org.testng.reporters.JUnitReportReporter -->
<testsuite hostname="itszakaria" name="runner.TestRunner" tests="1" failures="0" timestamp="13 Aug 2017 16:38:20 GMT" time="105.054" errors="0">
  <testcase name="feature" time="105.054" classname="runner.TestRunner"/>
</testsuite> <!-- runner.TestRunner -->
